<?xml version="1.0" encoding="UTF-8"?>
<testsuite xmlns:xsi="http://www.w3.org/2001/XMLSchema-instance" xsi:noNamespaceSchemaLocation="https://maven.apache.org/surefire/maven-surefire-plugin/xsd/surefire-test-report-3.0.xsd" version="3.0" name="aed.EdrTests" time="0.662" tests="15" errors="0" skipped="0" failures="0">
  <properties>
[...]
</properties>
  <testcase name="revisar_copias_examenes_incompletos" classname="aed.EdrTests" time="0.267"/>
  <testcase name="un_alumno_se_copia_de_la_darkweb" classname="aed.EdrTests" time="0.017">
    <system-out><![CDATA[Comparando: 100.0,0 vs 100.0,0 -> notaIgual: true, idIgual: true
Comparando: 10.0,3 vs 10.0,3 -> notaIgual: true, idIgual: true
Comparando: 10.0,2 vs 10.0,2 -> notaIgual: true, idIgual: true
Comparando: 10.0,1 vs 10.0,1 -> notaIgual: true, idIgual: true
]]></system-out>
  </testcase>
  <testcase name="varios_alumnos_se_copian_de_varios_examenes" classname="aed.EdrTests" time="0.013">
    <system-out><![CDATA[Comparando: 80.0,0 vs 80.0,0 -> notaIgual: true, idIgual: true
Comparando: 70.0,1 vs 70.0,1 -> notaIgual: true, idIgual: true
Comparando: 30.0,4 vs 30.0,4 -> notaIgual: true, idIgual: true
Comparando: 30.0,3 vs 30.0,3 -> notaIgual: true, idIgual: true
]]></system-out>
  </testcase>
  <testcase name="revisar_copias_examenes_completos" classname="aed.EdrTests" time="0.007"/>
  <testcase name="los_alumnos_resuelven_varios_problemas" classname="aed.EdrTests" time="0.003"/>
  <testcase name="nuevo_edr" classname="aed.EdrTests" time="0.002"/>
  <testcase name="copias_de_exacto_25_porciento" classname="aed.EdrTests" time="0.012">
    <system-out><![CDATA[Comparando: 50.0,3 vs 50.0,3 -> notaIgual: true, idIgual: true
Comparando: 0.0,8 vs 0.0,8 -> notaIgual: true, idIgual: true
Comparando: 0.0,7 vs 0.0,7 -> notaIgual: true, idIgual: true
Comparando: 0.0,6 vs 0.0,6 -> notaIgual: true, idIgual: true
]]></system-out>
  </testcase>
  <testcase name="no_hay_copiones" classname="aed.EdrTests" time="0.013">
    <system-out><![CDATA[Comparando: 10.0,3 vs 10.0,3 -> notaIgual: true, idIgual: true
Comparando: 10.0,2 vs 10.0,2 -> notaIgual: true, idIgual: true
Comparando: 10.0,1 vs 10.0,1 -> notaIgual: true, idIgual: true
Comparando: 10.0,0 vs 10.0,0 -> notaIgual: true, idIgual: true
]]></system-out>
  </testcase>
  <testcase name="todos_copiones" classname="aed.EdrTests" time="0.006"/>
  <testcase name="darkweb_no_incluye_estudiantes_que_entregaron" classname="aed.EdrTests" time="0.005"/>
  <testcase name="varios_alumnos_se_copian_de_la_darkweb" classname="aed.EdrTests" time="0.014"/>
  <testcase name="los_alumnos_resuelven_un_problema" classname="aed.EdrTests" time="0.004"/>
  <testcase name="alumnos_se_copian_una_vez" classname="aed.EdrTests" time="0.007">
    <system-out><![CDATA[Comparando: 10.0,1 vs 10.0,1 -> notaIgual: true, idIgual: true
Comparando: 10.0,0 vs 10.0,0 -> notaIgual: true, idIgual: true
]]></system-out>
  </testcase>
  <testcase name="alumnos_se_copian_mas_de_una_vez" classname="aed.EdrTests" time="0.005">
    <system-out><![CDATA[Comparando: 30.0,1 vs 30.0,1 -> notaIgual: true, idIgual: true
Comparando: 10.0,0 vs 10.0,0 -> notaIgual: true, idIgual: true
]]></system-out>
  </testcase>
  <testcase name="no_hay_aliasing_con_los_examenes_subidos" classname="aed.EdrTests" time="0.014">
    <system-out><![CDATA[Comparando: 30.0,0 vs 30.0,0 -> notaIgual: true, idIgual: true
Comparando: 10.0,3 vs 10.0,3 -> notaIgual: true, idIgual: true
Comparando: 10.0,1 vs 10.0,1 -> notaIgual: true, idIgual: true
]]></system-out>
  </testcase>
</testsuite>